 вЂє   Warning: --build is now the default and can safely be omitted.
вЂ‹
Netlify Build                                                 
в”Ђв”Ђв”Ђв”Ђв”Ђв”Ђв”Ђв”Ђв”Ђв”Ђв”Ђв”Ђв”Ђв”Ђв”Ђв”Ђв”Ђв”Ђв”Ђв”Ђв”Ђв”Ђв”Ђв”Ђв”Ђв”Ђв”Ђв”Ђв”Ђв”Ђв”Ђв”Ђв”Ђв”Ђв”Ђв”Ђв”Ђв”Ђв”Ђв”Ђв”Ђв”Ђв”Ђв”Ђв”Ђв”Ђв”Ђв”Ђв”Ђв”Ђв”Ђв”Ђв”Ђв”Ђв”Ђв”Ђв”Ђв”Ђв”Ђв”Ђв”Ђв”Ђв”Ђв”Ђ
вЂ‹
вќЇ Version
  @netlify/build 35.8.3
вЂ‹
вќЇ Flags
  accountId: 6992f7d1646d9972bdab9886
  deployId: 6a5b749188372c0744d45f14
вЂ‹
вќЇ Current directory
  /Users/diyar/ngo-reports
вЂ‹
вќЇ Config file
  /Users/diyar/ngo-reports/netlify.toml
вЂ‹
вќЇ Context
  production
вЂ‹
вќЇ Installing extensions
   - prerender
вЂ‹
вќЇ Loading extensions
   - prerender
вЂ‹
build.command from netlify.toml                               
в”Ђв”Ђв”Ђв”Ђв”Ђв”Ђв”Ђв”Ђв”Ђв”Ђв”Ђв”Ђв”Ђв”Ђв”Ђв”Ђв”Ђв”Ђв”Ђв”Ђв”Ђв”Ђв”Ђв”Ђв”Ђв”Ђв”Ђв”Ђв”Ђв”Ђв”Ђв”Ђв”Ђв”Ђв”Ђв”Ђв”Ђв”Ђв”Ђв”Ђв”Ђв”Ђв”Ђв”Ђв”Ђв”Ђв”Ђв”Ђв”Ђв”Ђв”Ђв”Ђв”Ђв”Ђв”Ђв”Ђв”Ђв”Ђв”Ђв”Ђв”Ђв”Ђв”Ђв”Ђ
вЂ‹
$ npm run build

> esep@0.1.0 build
> vite build

vite v5.4.21 building for production...
transforming...
вњ“ 33 modules transformed.
rendering chunks...
computing gzip size...
dist/index.html                   1.47 kB в”‚ gzip:  0.95 kB
dist/assets/index-DUV_CHlT.css    6.19 kB в”‚ gzip:  1.94 kB
dist/assets/index-ru7e0Br_.js   187.57 kB в”‚ gzip: 61.44 kB
вњ“ built in 438ms
вЂ‹
(build.command completed in 904ms)
вЂ‹
Functions bundling                                            
в”Ђв”Ђв”Ђв”Ђв”Ђв”Ђв”Ђв”Ђв”Ђв”Ђв”Ђв”Ђв”Ђв”Ђв”Ђв”Ђв”Ђв”Ђв”Ђв”Ђв”Ђв”Ђв”Ђв”Ђв”Ђв”Ђв”Ђв”Ђв”Ђв”Ђв”Ђв”Ђв”Ђв”Ђв”Ђв”Ђв”Ђв”Ђв”Ђв”Ђв”Ђв”Ђв”Ђв”Ђв”Ђв”Ђв”Ђв”Ђв”Ђв”Ђв”Ђв”Ђв”Ђв”Ђв”Ђв”Ђв”Ђв”Ђв”Ђв”Ђв”Ђв”Ђв”Ђв”Ђ
вЂ‹
Packaging Functions from netlify/functions directory:
 - generate.mjs
вЂ‹
вЂ‹
(Functions bundling completed in 62ms)

Deploying to Netlify
в”Ђв”Ђв”Ђв”Ђв”Ђв”Ђв”Ђв”Ђв”Ђв”Ђв”Ђв”Ђв”Ђв”Ђв”Ђв”Ђв”Ђв”Ђв”Ђв”Ђв”Ђв”Ђв”Ђв”Ђв”Ђв”Ђв”Ђв”Ђв”Ђв”Ђв”Ђв”Ђв”Ђв”Ђв”Ђв”Ђв”Ђв”Ђв”Ђв”Ђв”Ђв”Ђв”Ђв”Ђв”Ђв”Ђв”Ђв”Ђв”Ђв”Ђв”Ђв”Ђв”Ђв”Ђв”Ђв”Ђв”Ђв”Ђв”Ђв”Ђв”Ђв”Ђв”Ђв”Ђ

Deploy path:        /Users/diyar/ngo-reports/dist
Functions path:     /Users/diyar/ngo-reports/netlify/functions
Configuration path: /Users/diyar/ngo-reports/netlify.toml

в ‹ Uploading blobs to deploy store...

вњ” Finished uploading blobs to deploy store
в ‹ Hashing files...
в ‹ Looking for a functions cache...
вњ” Deploying functions from cache (use --skip-functions-cache to override)
вњ” Finished hashing 4 files and 1 functions
в ‹ CDN diffing files...
вњ” CDN requesting 4 files and 1 functions
в ‹ Uploading 5 files
вњ” Finished uploading 5 assets
в ‹ Waiting for deploy to go live...
вњ” Deploy is live!
вЂ‹
Netlify Build Complete                                        
в”Ђв”Ђв”Ђв”Ђв”Ђв”Ђв”Ђв”Ђв”Ђв”Ђв”Ђв”Ђв”Ђв”Ђв”Ђв”Ђв”Ђв”Ђв”Ђв”Ђв”Ђв”Ђв”Ђв”Ђв”Ђв”Ђв”Ђв”Ђв”Ђв”Ђв”Ђв”Ђв”Ђв”Ђв”Ђв”Ђв”Ђв”Ђв”Ђв”Ђв”Ђв”Ђв”Ђв”Ђв”Ђв”Ђв”Ђв”Ђв”Ђв”Ђв”Ђв”Ђв”Ђв”Ђв”Ђв”Ђв”Ђв”Ђв”Ђв”Ђв”Ђв”Ђв”Ђв”Ђ
вЂ‹
(Netlify Build completed in 15s)

рџљЂ Deploy complete
в”Ђв”Ђв”Ђв”Ђв”Ђв”Ђв”Ђв”Ђв”Ђв”Ђв”Ђв”Ђв”Ђв”Ђв”Ђв”Ђв”Ђв”Ђв”Ђв”Ђв”Ђв”Ђв”Ђв”Ђв”Ђв”Ђв”Ђв”Ђв”Ђв”Ђв”Ђв”Ђв”Ђв”Ђв”Ђв”Ђв”Ђв”Ђв”Ђв”Ђв”Ђв”Ђв”Ђв”Ђв”Ђв”Ђв”Ђв”Ђв”Ђв”Ђв”Ђв”Ђв”Ђв”Ђв”Ђв”Ђв”Ђв”Ђв”Ђв”Ђв”Ђв”Ђв”Ђв”Ђ

в•­в”Ђв”Ђв”Ђв”Ђв”Ђв”Ђв”Ђв”Ђв”Ђв”Ђв”Ђв”Ђв”Ђв”Ђв”Ђв”Ђв”Ђв”Ђв”Ђв”Ђв”Ђв”Ђ в¬Ґ  Production deploy is live в¬ҐвЂ‰ в”Ђв”Ђв”Ђв”Ђв”Ђв”Ђв”Ђв”Ђв”Ђв”Ђв”Ђв”Ђв”Ђв”Ђв”Ђв”Ђв”Ђв”Ђв”Ђв”Ђв”Ђв”Ђв”Ђв•®
в”‚                                                                              в”‚
в”‚           Deployed to production URL: https://esep-ngo.netlify.app           в”‚
в”‚                                                                              в”‚
в”‚                              Unique deploy URL:                              в”‚
в”‚            https://6a5b749188372c0744d45f14--esep-ngo.netlify.app            в”‚
в”‚                                                                              в”‚
в•°в”Ђв”Ђв”Ђв”Ђв”Ђв”Ђв”Ђв”Ђв”Ђв”Ђв”Ђв”Ђв”Ђв”Ђв”Ђв”Ђв”Ђв”Ђв”Ђв”Ђв”Ђв”Ђв”Ђв”Ђв”Ђв”Ђв”Ђв”Ђв”Ђв”Ђв”Ђв”Ђв”Ђв”Ђв”Ђв”Ђв”Ђв”Ђв”Ђв”Ђв”Ђв”Ђв”Ђв”Ђв”Ђв”Ђв”Ђв”Ђв”Ђв”Ђв”Ђв”Ђв”Ђв”Ђв”Ђв”Ђв”Ђв”Ђв”Ђв”Ђв”Ђв”Ђв”Ђв”Ђв”Ђв”Ђв”Ђв”Ђв”Ђв”Ђв”Ђв”Ђв”Ђв”Ђв”Ђв”Ђв”Ђв”Ђв•Ї

Build logs:         https://app.netlify.com/projects/esep-ngo/deploys/6a5b749188372c0744d45f14
Function logs:      https://app.netlify.com/projects/esep-ngo/logs/functions
Edge function Logs: https://app.netlify.com/projects/esep-ngo/logs/edge-functions
